<?xml version="1.0" encoding="UTF-8"?>
<!-- Generated by org.testng.reporters.JUnitReportReporter -->
<testsuite hostname="DESKTOP-2VV9C35" failures="0" tests="1" name="QA.EncuentraEnCroperTest" time="14.805" errors="0" timestamp="2024-04-03T17:30:34 COT" skipped="0">
  <testcase classname="QA.EncuentraEnCroperTest" name="testCarouselItems" time="14.805"/>
</testsuite> <!-- QA.EncuentraEnCroperTest -->
